# JRE version: OpenJDK Runtime Environment (8.0_152-b02) (build 1.8.0_152-release-1024-b02)
# Java VM: OpenJDK 64-Bit Server VM (25.152-b02 mixed mode windows-amd64 compressed oops)
Heap:
 PSYoungGen      total 196096K, used 163006K [0x00000000eab00000, 0x00000000fb180000, 0x0000000100000000)
  eden space 167936K, 82% used [0x00000000eab00000,0x00000000f31c0e90,0x00000000f4f00000)
  from space 28160K, 88% used [0x00000000f4f00000,0x00000000f676ea88,0x00000000f6a80000)
  to   space 31232K, 0% used [0x00000000f9300000,0x00000000f9300000,0x00000000fb180000)
 ParOldGen       total 150528K, used 48053K [0x00000000c0000000, 0x00000000c9300000, 0x00000000eab00000)
  object space 150528K, 31% used [0x00000000c0000000,0x00000000c2eed5b8,0x00000000c9300000)
 Metaspace       used 76261K, capacity 80256K, committed 80472K, reserved 1118208K
  class space    used 10265K, capacity 11229K, committed 11352K, reserved 1048576K
GC Heap History (10 events):
Event: 11.770 GC heap before
{Heap before GC invocations=16 (full 2):
 PSYoungGen      total 117248K, used 117221K [0x00000000eab00000, 0x00000000f5080000, 0x0000000100000000)
  eden space 100864K, 100% used [0x00000000eab00000,0x00000000f0d80000,0x00000000f0d80000)
  from space 16384K, 99% used [0x00000000f0d80000,0x00000000f1d79510,0x00000000f1d80000)
  to   space 20992K, 0% used [0x00000000f3c00000,0x00000000f3c00000,0x00000000f5080000)
 ParOldGen       total 102400K, used 26865K [0x00000000c0000000, 0x00000000c6400000, 0x00000000eab00000)
  object space 102400K, 26% used [0x00000000c0000000,0x00000000c1a3c400,0x00000000c6400000)
 Metaspace       used 56518K, capacity 58688K, committed 58840K, reserved 1099776K
  class space    used 7820K, capacity 8368K, committed 8408K, reserved 1048576K
Event: 11.808 GC heap after
Heap after GC invocations=16 (full 2):
 PSYoungGen      total 142336K, used 20965K [0x00000000eab00000, 0x00000000f6380000, 0x0000000100000000)
  eden space 121344K, 0% used [0x00000000eab00000,0x00000000eab00000,0x00000000f2180000)
  from space 20992K, 99% used [0x00000000f3c00000,0x00000000f5079500,0x00000000f5080000)
  to   space 27136K, 0% used [0x00000000f2180000,0x00000000f2180000,0x00000000f3c00000)
 ParOldGen       total 102400K, used 34820K [0x00000000c0000000, 0x00000000c6400000, 0x00000000eab00000)
  object space 102400K, 34% used [0x00000000c0000000,0x00000000c22010e8,0x00000000c6400000)
 Metaspace       used 56518K, capacity 58688K, committed 58840K, reserved 1099776K
  class space    used 7820K, capacity 8368K, committed 8408K, reserved 1048576K
}
Event: 11.892 GC heap before
{Heap before GC invocations=17 (full 2):
 PSYoungGen      total 142336K, used 25983K [0x00000000eab00000, 0x00000000f6380000, 0x0000000100000000)
  eden space 121344K, 4% used [0x00000000eab00000,0x00000000eafe67f8,0x00000000f2180000)
  from space 20992K, 99% used [0x00000000f3c00000,0x00000000f5079500,0x00000000f5080000)
  to   space 27136K, 0% used [0x00000000f2180000,0x00000000f2180000,0x00000000f3c00000)
 ParOldGen       total 102400K, used 34820K [0x00000000c0000000, 0x00000000c6400000, 0x00000000eab00000)
  object space 102400K, 34% used [0x00000000c0000000,0x00000000c22010e8,0x00000000c6400000)
 Metaspace       used 56829K, capacity 58994K, committed 59028K, reserved 1099776K
  class space    used 7846K, capacity 8403K, committed 8408K, reserved 1048576K
Event: 11.914 GC heap after
Heap after GC invocations=17 (full 2):
 PSYoungGen      total 148480K, used 21781K [0x00000000eab00000, 0x00000000f9380000, 0x0000000100000000)
  eden space 121344K, 0% used [0x00000000eab00000,0x00000000eab00000,0x00000000f2180000)
  from space 27136K, 80% used [0x00000000f2180000,0x00000000f36c5520,0x00000000f3c00000)
  to   space 29184K, 0% used [0x00000000f7700000,0x00000000f7700000,0x00000000f9380000)
 ParOldGen       total 102400K, used 34820K [0x00000000c0000000, 0x00000000c6400000, 0x00000000eab00000)
  object space 102400K, 34% used [0x00000000c0000000,0x00000000c22010e8,0x00000000c6400000)
 Metaspace       used 56829K, capacity 58994K, committed 59028K, reserved 1099776K
  class space    used 7846K, capacity 8403K, committed 8408K, reserved 1048576K
}
Event: 11.914 GC heap before
{Heap before GC invocations=18 (full 3):
 PSYoungGen      total 148480K, used 21781K [0x00000000eab00000, 0x00000000f9380000, 0x0000000100000000)
  eden space 121344K, 0% used [0x00000000eab00000,0x00000000eab00000,0x00000000f2180000)
  from space 27136K, 80% used [0x00000000f2180000,0x00000000f36c5520,0x00000000f3c00000)
  to   space 29184K, 0% used [0x00000000f7700000,0x00000000f7700000,0x00000000f9380000)
 ParOldGen       total 102400K, used 34820K [0x00000000c0000000, 0x00000000c6400000, 0x00000000eab00000)
  object space 102400K, 34% used [0x00000000c0000000,0x00000000c22010e8,0x00000000c6400000)
 Metaspace       used 56829K, capacity 58994K, committed 59028K, reserved 1099776K
  class space    used 7846K, capacity 8403K, committed 8408K, reserved 1048576K
Event: 12.212 GC heap after
Heap after GC invocations=18 (full 3):
 PSYoungGen      total 148480K, used 0K [0x00000000eab00000, 0x00000000f9380000, 0x0000000100000000)
  eden space 121344K, 0% used [0x00000000eab00000,0x00000000eab00000,0x00000000f2180000)
  from space 27136K, 0% used [0x00000000f2180000,0x00000000f2180000,0x00000000f3c00000)
  to   space 29184K, 0% used [0x00000000f7700000,0x00000000f7700000,0x00000000f9380000)
 ParOldGen       total 150528K, used 48018K [0x00000000c0000000, 0x00000000c9300000, 0x00000000eab00000)
  object space 150528K, 31% used [0x00000000c0000000,0x00000000c2ee4968,0x00000000c9300000)
 Metaspace       used 56829K, capacity 58994K, committed 59028K, reserved 1099776K
  class space    used 7846K, capacity 8403K, committed 8408K, reserved 1048576K
}
Event: 105.285 GC heap before
{Heap before GC invocations=19 (full 3):
 PSYoungGen      total 148480K, used 121344K [0x00000000eab00000, 0x00000000f9380000, 0x0000000100000000)
  eden space 121344K, 100% used [0x00000000eab00000,0x00000000f2180000,0x00000000f2180000)
  from space 27136K, 0% used [0x00000000f2180000,0x00000000f2180000,0x00000000f3c00000)
  to   space 29184K, 0% used [0x00000000f7700000,0x00000000f7700000,0x00000000f9380000)
 ParOldGen       total 150528K, used 48018K [0x00000000c0000000, 0x00000000c9300000, 0x00000000eab00000)
  object space 150528K, 31% used [0x00000000c0000000,0x00000000c2ee4968,0x00000000c9300000)
 Metaspace       used 62661K, capacity 65352K, committed 65496K, reserved 1105920K
  class space    used 8450K, capacity 9133K, committed 9176K, reserved 1048576K
Event: 105.296 GC heap after
Heap after GC invocations=19 (full 3):
 PSYoungGen      total 183296K, used 10118K [0x00000000eab00000, 0x00000000f8600000, 0x0000000100000000)
  eden space 167936K, 0% used [0x00000000eab00000,0x00000000eab00000,0x00000000f4f00000)
  from space 15360K, 65% used [0x00000000f7700000,0x00000000f80e1b40,0x00000000f8600000)
  to   space 28160K, 0% used [0x00000000f4f00000,0x00000000f4f00000,0x00000000f6a80000)
 ParOldGen       total 150528K, used 48045K [0x00000000c0000000, 0x00000000c9300000, 0x00000000eab00000)
  object space 150528K, 31% used [0x00000000c0000000,0x00000000c2eeb5b8,0x00000000c9300000)
 Metaspace       used 62661K, capacity 65352K, committed 65496K, reserved 1105920K
  class space    used 8450K, capacity 9133K, committed 9176K, reserved 1048576K
}
Event: 201.805 GC heap before
{Heap before GC invocations=20 (full 3):
 PSYoungGen      total 183296K, used 178054K [0x00000000eab00000, 0x00000000f8600000, 0x0000000100000000)
  eden space 167936K, 100% used [0x00000000eab00000,0x00000000f4f00000,0x00000000f4f00000)
  from space 15360K, 65% used [0x00000000f7700000,0x00000000f80e1b40,0x00000000f8600000)
  to   space 28160K, 0% used [0x00000000f4f00000,0x00000000f4f00000,0x00000000f6a80000)
 ParOldGen       total 150528K, used 48045K [0x00000000c0000000, 0x00000000c9300000, 0x00000000eab00000)
  object space 150528K, 31% used [0x00000000c0000000,0x00000000c2eeb5b8,0x00000000c9300000)
 Metaspace       used 71959K, capacity 75048K, committed 75224K, reserved 1114112K
  class space    used 9635K, capacity 10441K, committed 10456K, reserved 1048576K
Event: 201.828 GC heap after
Heap after GC invocations=20 (full 3):
 PSYoungGen      total 196096K, used 25018K [0x00000000eab00000, 0x00000000fb180000, 0x0000000100000000)
  eden space 167936K, 0% used [0x00000000eab00000,0x00000000eab00000,0x00000000f4f00000)
  from space 28160K, 88% used [0x00000000f4f00000,0x00000000f676ea88,0x00000000f6a80000)
  to   space 31232K, 0% used [0x00000000f9300000,0x00000000f9300000,0x00000000fb180000)
 ParOldGen       total 150528K, used 48053K [0x00000000c0000000, 0x00000000c9300000, 0x00000000eab00000)
  object space 150528K, 31% used [0x00000000c0000000,0x00000000c2eed5b8,0x00000000c9300000)
 Metaspace       used 71959K, capacity 75048K, committed 75224K, reserved 1114112K
  class space    used 9635K, capacity 10441K, committed 10456K, reserved 1048576K
}

